2018-03-24 18:23:03.743  INFO 54917 --- [main] .s.m.c.MBitionLogFileAnalyzerApplication : Starting MBitionLogFileAnalyzerApplication v0.0.1-SNAPSHOT on Bogdans-MacBook-Pro.local with PID 54917 (/Users/bogdanmihai/Desktop/mbition/com.szilli.mbition2018.challenge/output/com.szilli.mbition032018.challenge-0.0.1-SNAPSHOT.jar started by bogdanmihai in /Users/bogdanmihai/Desktop/mbition/com.szilli.mbition2018.challenge/output)
2018-03-24 18:23:03.747  INFO 54917 --- [main] .s.m.c.MBitionLogFileAnalyzerApplication : No active profile set, falling back to default profiles: default
2018-03-24 18:23:03.812  INFO 54917 --- [main] ConfigServletWebServerApplicationContext : Refreshing org.springframework.boot.web.servlet.context.AnnotationConfigServletWebServerApplicationContext@57fa26b7: startup date [Sat Mar 24 18:23:03 CET 2018]; root of context hierarchy
2018-03-24 18:23:06.430  INFO 54917 --- [main] o.s.b.w.embedded.tomcat.TomcatWebServer  : Tomcat initialized with port(s): 9090 (http)
2018-03-24 18:23:06.498  INFO 54917 --- [main] o.apache.catalina.core.StandardService   : Starting service [Tomcat]
2018-03-24 18:23:06.498  INFO 54917 --- [main] org.apache.catalina.core.StandardEngine  : Starting Servlet Engine: Apache Tomcat/8.5.28
2018-03-24 18:23:06.516  INFO 54917 --- [localhost-startStop-1] o.a.catalina.core.AprLifecycleListener   : The APR based Apache Tomcat Native library which allows optimal performance in production environments was not found on the java.library.path: [/Users/bogdanmihai/Library/Java/Extensions:/Library/Java/Extensions:/Network/Library/Java/Extensions:/System/Library/Java/Extensions:/usr/lib/java:.]
2018-03-24 18:23:06.677  INFO 54917 --- [localhost-startStop-1] o.a.c.c.C.[Tomcat].[localhost].[/]       : Initializing Spring embedded WebApplicationContext
2018-03-24 18:23:06.677  INFO 54917 --- [localhost-startStop-1] o.s.web.context.ContextLoader            : Root WebApplicationContext: initialization completed in 2866 ms
2018-03-24 18:23:07.657  INFO 54917 --- [localhost-startStop-1] o.s.b.w.servlet.ServletRegistrationBean  : Servlet dispatcherServlet mapped to [/]
2018-03-24 18:23:07.664  INFO 54917 --- [localhost-startStop-1] o.s.b.w.servlet.FilterRegistrationBean   : Mapping filter: 'characterEncodingFilter' to: [/*]
2018-03-24 18:23:07.666  INFO 54917 --- [localhost-startStop-1] o.s.b.w.servlet.FilterRegistrationBean   : Mapping filter: 'hiddenHttpMethodFilter' to: [/*]
2018-03-24 18:23:07.666  INFO 54917 --- [localhost-startStop-1] o.s.b.w.servlet.FilterRegistrationBean   : Mapping filter: 'httpPutFormContentFilter' to: [/*]
2018-03-24 18:23:07.666  INFO 54917 --- [localhost-startStop-1] o.s.b.w.servlet.FilterRegistrationBean   : Mapping filter: 'requestContextFilter' to: [/*]
2018-03-24 18:23:07.667  INFO 54917 --- [localhost-startStop-1] o.s.b.w.servlet.FilterRegistrationBean   : Mapping filter: 'httpTraceFilter' to: [/*]
2018-03-24 18:23:07.667  INFO 54917 --- [localhost-startStop-1] o.s.b.w.servlet.FilterRegistrationBean   : Mapping filter: 'webMvcMetricsFilter' to: [/*]
2018-03-24 18:23:08.258  INFO 54917 --- [main] s.w.s.m.m.a.RequestMappingHandlerAdapter : Looking for @ControllerAdvice: org.springframework.boot.web.servlet.context.AnnotationConfigServletWebServerApplicationContext@57fa26b7: startup date [Sat Mar 24 18:23:03 CET 2018]; root of context hierarchy
2018-03-24 18:23:08.390  INFO 54917 --- [main] s.w.s.m.m.a.RequestMappingHandlerMapping : Mapped "{[/mbition2018/loginfo],methods=[GET]}" onto public java.util.Set<com.szilli.mbition032018.challenge.model.LogInfo> com.szilli.mbition032018.challenge.controller.LogfileAnalyzerController.getLogInfo()
2018-03-24 18:23:08.397  INFO 54917 --- [main] s.w.s.m.m.a.RequestMappingHandlerMapping : Mapped "{[/error]}" onto public org.springframework.http.ResponseEntity<java.util.Map<java.lang.String, java.lang.Object>> org.springframework.boot.autoconfigure.web.servlet.error.BasicErrorController.error(javax.servlet.http.HttpServletRequest)
2018-03-24 18:23:08.398  INFO 54917 --- [main] s.w.s.m.m.a.RequestMappingHandlerMapping : Mapped "{[/error],produces=[text/html]}" onto public org.springframework.web.servlet.ModelAndView org.springframework.boot.autoconfigure.web.servlet.error.BasicErrorController.errorHtml(javax.servlet.http.HttpServletRequest,javax.servlet.http.HttpServletResponse)
2018-03-24 18:23:08.463  INFO 54917 --- [main] o.s.w.s.handler.SimpleUrlHandlerMapping  : Mapped URL path [/webjars/**] onto handler of type [class org.springframework.web.servlet.resource.ResourceHttpRequestHandler]
2018-03-24 18:23:08.464  INFO 54917 --- [main] o.s.w.s.handler.SimpleUrlHandlerMapping  : Mapped URL path [/**] onto handler of type [class org.springframework.web.servlet.resource.ResourceHttpRequestHandler]
2018-03-24 18:23:08.518  INFO 54917 --- [main] o.s.w.s.handler.SimpleUrlHandlerMapping  : Mapped URL path [/**/favicon.ico] onto handler of type [class org.springframework.web.servlet.resource.ResourceHttpRequestHandler]
2018-03-24 18:23:08.963  INFO 54917 --- [main] s.b.a.e.w.s.WebMvcEndpointHandlerMapping : Mapped "{[/actuator/health],methods=[GET],produces=[application/vnd.spring-boot.actuator.v2+json || application/json]}" onto public java.lang.Object org.springframework.boot.actuate.endpoint.web.servlet.AbstractWebMvcEndpointHandlerMapping$OperationHandler.handle(javax.servlet.http.HttpServletRequest,java.util.Map<java.lang.String, java.lang.String>)
2018-03-24 18:23:08.966  INFO 54917 --- [main] s.b.a.e.w.s.WebMvcEndpointHandlerMapping : Mapped "{[/actuator/info],methods=[GET],produces=[application/vnd.spring-boot.actuator.v2+json || application/json]}" onto public java.lang.Object org.springframework.boot.actuate.endpoint.web.servlet.AbstractWebMvcEndpointHandlerMapping$OperationHandler.handle(javax.servlet.http.HttpServletRequest,java.util.Map<java.lang.String, java.lang.String>)
2018-03-24 18:23:08.969  INFO 54917 --- [main] s.b.a.e.w.s.WebMvcEndpointHandlerMapping : Mapped "{[/actuator],methods=[GET],produces=[application/vnd.spring-boot.actuator.v2+json || application/json]}" onto protected java.util.Map<java.lang.String, java.util.Map<java.lang.String, org.springframework.boot.actuate.endpoint.web.Link>> org.springframework.boot.actuate.endpoint.web.servlet.WebMvcEndpointHandlerMapping.links(javax.servlet.http.HttpServletRequest,javax.servlet.http.HttpServletResponse)
2018-03-24 18:23:09.181  INFO 54917 --- [main] o.s.j.e.a.AnnotationMBeanExporter        : Registering beans for JMX exposure on startup
2018-03-24 18:23:09.310  INFO 54917 --- [main] o.s.b.w.embedded.tomcat.TomcatWebServer  : Tomcat started on port(s): 9090 (http) with context path ''
2018-03-24 18:23:09.324  INFO 54917 --- [main] .s.m.c.MBitionLogFileAnalyzerApplication : Started MBitionLogFileAnalyzerApplication in 21.393 seconds (JVM running for 22.239)
2018-03-24 18:25:24.258  INFO 54917 --- [http-nio-9090-exec-1] o.a.c.c.C.[Tomcat].[localhost].[/]       : Initializing Spring FrameworkServlet 'dispatcherServlet'
2018-03-24 18:25:24.260  INFO 54917 --- [http-nio-9090-exec-1] o.s.web.servlet.DispatcherServlet        : FrameworkServlet 'dispatcherServlet': initialization started
2018-03-24 18:25:24.297  INFO 54917 --- [http-nio-9090-exec-1] o.s.web.servlet.DispatcherServlet        : FrameworkServlet 'dispatcherServlet': initialization completed in 37 ms
